2019-11-24 18:42:39,580 [Worker-3: Loading available Gradle versions] INFO  o.e.b.c.i.u.g.PublishedGradleVersions - Gradle version information cache is out-of-date. Trying to update.
2019-11-24 18:44:00,097 [Worker-9: Creating maven-archetype-quickstart] INFO  o.e.m.c.i.p.ProjectConfigurationManager - Collecting project info '/pom.xml' C:\Users\Kaka\Desktop\KakaProj\com.JavaTestProj\pom.xml
2019-11-24 18:44:03,816 [Worker-9: Creating maven-archetype-quickstart] INFO  o.e.m.c.i.l.LifecycleMappingFactory - Using org.eclipse.m2e.jdt.JarLifecycleMapping lifecycle mapping for MavenProject: com.KakaInc:com.JavaTestProj:0.0.1-SNAPSHOT @ C:\Users\Kaka\Desktop\KakaProj\com.JavaTestProj\pom.xml.
2019-11-24 18:44:05,312 [Worker-9: Creating maven-archetype-quickstart] INFO  o.e.m.j.i.AbstractJavaProjectConfigurator - Adding source folder /com.JavaTestProj/src/main/java
2019-11-24 18:44:05,335 [Worker-9: Creating maven-archetype-quickstart] INFO  o.e.m.j.i.AbstractJavaProjectConfigurator - Adding source folder /com.JavaTestProj/src/test/java
2019-11-24 18:44:07,996 [Worker-9: Creating maven-archetype-quickstart] INFO  o.e.m.c.i.p.ProjectConfigurationManager - Imported and configured 1 project(s) in 7 sec
2019-11-24 18:44:09,097 [Worker-5: Building workspace] INFO  o.e.m.c.i.embedder.EclipseLogger - Using 'UTF-8' encoding to copy filtered resources.
2019-11-24 18:44:09,097 [Worker-5: Building workspace] INFO  o.e.m.c.i.embedder.EclipseLogger - skip non existing resourceDirectory C:\Users\Kaka\Desktop\KakaProj\com.JavaTestProj\src\main\resources
2019-11-24 18:44:09,099 [Worker-5: Building workspace] INFO  o.e.m.c.i.embedder.EclipseLogger - Using 'UTF-8' encoding to copy filtered resources.
2019-11-24 18:44:09,101 [Worker-5: Building workspace] INFO  o.e.m.c.i.embedder.EclipseLogger - skip non existing resourceDirectory C:\Users\Kaka\Desktop\KakaProj\com.JavaTestProj\src\test\resources
2019-11-24 18:44:14,925 [Worker-8: Building workspace] INFO  o.e.m.c.i.embedder.EclipseLogger - Using 'UTF-8' encoding to copy filtered resources.
2019-11-24 18:44:14,926 [Worker-8: Building workspace] INFO  o.e.m.c.i.embedder.EclipseLogger - skip non existing resourceDirectory C:\Users\Kaka\Desktop\KakaProj\com.JavaTestProj\src\main\resources
2019-11-24 18:44:14,928 [Worker-8: Building workspace] INFO  o.e.m.c.i.embedder.EclipseLogger - Using 'UTF-8' encoding to copy filtered resources.
2019-11-24 18:44:14,928 [Worker-8: Building workspace] INFO  o.e.m.c.i.embedder.EclipseLogger - skip non existing resourceDirectory C:\Users\Kaka\Desktop\KakaProj\com.JavaTestProj\src\test\resources
2019-11-24 18:44:59,965 [Worker-4: Building workspace] INFO  o.e.m.c.i.embedder.EclipseLogger - Using 'UTF-8' encoding to copy filtered resources.
2019-11-24 18:44:59,966 [Worker-4: Building workspace] INFO  o.e.m.c.i.embedder.EclipseLogger - skip non existing resourceDirectory C:\Users\Kaka\Desktop\KakaProj\com.JavaTestProj\src\main\resources
2019-11-24 18:44:59,967 [Worker-4: Building workspace] INFO  o.e.m.c.i.embedder.EclipseLogger - Using 'UTF-8' encoding to copy filtered resources.
2019-11-24 18:44:59,968 [Worker-4: Building workspace] INFO  o.e.m.c.i.embedder.EclipseLogger - skip non existing resourceDirectory C:\Users\Kaka\Desktop\KakaProj\com.JavaTestProj\src\test\resources
2019-11-24 18:45:35,780 [Worker-12: Building workspace] INFO  o.e.m.c.i.embedder.EclipseLogger - Using 'UTF-8' encoding to copy filtered resources.
2019-11-24 18:45:35,781 [Worker-12: Building workspace] INFO  o.e.m.c.i.embedder.EclipseLogger - skip non existing resourceDirectory C:\Users\Kaka\Desktop\KakaProj\com.JavaTestProj\src\main\resources
2019-11-24 18:45:35,783 [Worker-12: Building workspace] INFO  o.e.m.c.i.embedder.EclipseLogger - Using 'UTF-8' encoding to copy filtered resources.
2019-11-24 18:45:35,783 [Worker-12: Building workspace] INFO  o.e.m.c.i.embedder.EclipseLogger - skip non existing resourceDirectory C:\Users\Kaka\Desktop\KakaProj\com.JavaTestProj\src\test\resources
2019-11-24 18:45:37,418 [Worker-0: Building workspace] INFO  o.e.m.c.i.embedder.EclipseLogger - Using 'UTF-8' encoding to copy filtered resources.
2019-11-24 18:45:37,419 [Worker-0: Building workspace] INFO  o.e.m.c.i.embedder.EclipseLogger - skip non existing resourceDirectory C:\Users\Kaka\Desktop\KakaProj\com.JavaTestProj\src\main\resources
2019-11-24 18:45:37,421 [Worker-0: Building workspace] INFO  o.e.m.c.i.embedder.EclipseLogger - Using 'UTF-8' encoding to copy filtered resources.
